CompileCommand: exclude com/intellij/openapi/vfs/impl/FilePartNodeRoot.trieDescend bool exclude = true
2024-08-09 15:50:46,194 [   1014]   WARN - #c.i.s.ComponentManagerImpl - `preload=true` must be used only for core services (service=com.jetbrains.rdserver.statistics.BackendStatisticsManager, plugin=com.jetbrains.codeWithMe)
2024-08-09 15:50:46,594 [   1414]   WARN - #c.i.s.ComponentManagerImpl - com.intellij.psi.search.FilenameIndex initializer requests com.intellij.ide.plugins.PluginUtil instance
2024-08-09 15:50:49,596 [   4416]   WARN - #c.i.s.ComponentManagerImpl - com.intellij.psi.LanguageSubstitutors initializer requests com.intellij.psi.LanguageSubstitutors instance
2024-08-09 15:50:49,622 [   4442]   WARN - #c.i.s.ComponentManagerImpl - org.zmlx.hg4idea.provider.HgChangeProvider initializer requests com.intellij.openapi.vcs.FileStatusFactory instance
2024-08-09 15:50:50,300 [   5120]   WARN - #o.j.p.t.TextMateService - Cannot find referenced file `./language-configuration.json` in bundle `/opt/ideaIC-2023.3.1/idea-IC-233.11799.300/plugins/textmate/lib/bundles/mdx`
2024-08-09 15:50:51,336 [   6156]   WARN - #c.i.o.a.i.ActionUpdater - 373 ms to grab EDT for ToolWindowHeader$2#Update@ToolwindowTitle (com.intellij.toolWindow.ToolWindowHeader$2)
2024-08-09 15:50:51,921 [   6741]   WARN - #c.i.o.a.i.ActionUpdater - 583 ms to grab EDT for ToolWindowHeader$2#GetChildren@ToolwindowTitle (com.intellij.toolWindow.ToolWindowHeader$2)
2024-08-09 15:50:52,742 [   7562]   WARN - #c.i.o.a.i.ActionUpdater - 314 ms to grab EDT for FontEditorPreview$RestorePreviewTextAction#Update@ContextToolbar (com.intellij.application.options.colors.FontEditorPreview$RestorePreviewTextAction)
2024-08-09 15:50:52,742 [   7562]   WARN - #c.i.o.a.i.ActionUpdater - 316 ms to grab EDT for FontEditorPreview$ToggleBoldFontAction#Update@ContextToolbar (com.intellij.application.options.colors.FontEditorPreview$ToggleBoldFontAction)
2024-08-09 15:50:52,871 [   7691]   WARN - #c.i.o.a.i.ActionUpdater - 351 ms to grab EDT for JoinCallAction#Update@MainToolbar (com.jetbrains.rd.platform.codeWithMe.telephony.JoinCallAction)
2024-08-09 15:50:52,876 [   7696]   WARN - #c.i.o.a.i.ActionUpdater - 356 ms to grab EDT for ToolWindowHeader$2#Update@ToolwindowTitle (com.intellij.toolWindow.ToolWindowHeader$2)
2024-08-09 15:50:53,442 [   8262]   WARN - #c.i.i.s.p.i.SharedIndexProjectActivity - Skipped 1 shared indexes: jdk-17.0.8-graalvm-ce-17-4caba194b151-927097da
2024-08-09 15:51:05,522 [  20342] SEVERE - #c.i.u.c.BoundedTaskExecutor - null
java.nio.channels.ClosedChannelException
	at java.base/sun.nio.ch.FileChannelImpl.ensureOpen(FileChannelImpl.java:159)
	at java.base/sun.nio.ch.FileChannelImpl.write(FileChannelImpl.java:854)
	at com.intellij.util.indexing.dependencies.IndexingDependenciesStorageBase.writeIntOrExecute(IndexingDependenciesStorageBase.kt:50)
	at com.intellij.util.indexing.dependencies.AppIndexingDependenciesStorage.writeRequestId(AppIndexingDependenciesStorage.kt:53)
	at com.intellij.util.indexing.dependencies.AppIndexingDependenciesService.invalidateAllStamps(AppIndexingDependenciesService.kt:131)
	at com.intellij.util.indexing.IndexingFlag.cleanupProcessedFlag(IndexingFlag.kt:35)
	at com.intellij.util.indexing.FileBasedIndexImpl.doRequestRebuild(FileBasedIndexImpl.java:1236)
	at com.intellij.util.indexing.FileBasedIndexImpl.requestRebuild(FileBasedIndexImpl.java:361)
	at com.intellij.util.indexing.impl.storage.VfsAwareMapReduceIndex.lambda$requestRebuild$3(VfsAwareMapReduceIndex.java:258)
	at com.intellij.util.indexing.impl.storage.VfsAwareMapReduceIndex.requestRebuild(VfsAwareMapReduceIndex.java:271)
	at com.intellij.util.indexing.impl.MapReduceIndex$IndexUpdateComputable.compute(MapReduceIndex.java:417)
	at com.intellij.util.indexing.impl.MapReduceIndex$IndexUpdateComputable.compute(MapReduceIndex.java:383)
	at com.intellij.openapi.util.Computable.get(Computable.java:16)
	at com.intellij.indexing.composite.CompositeInvertedIndexBase.lambda$mapInputAndPrepareUpdate$3(CompositeInvertedIndexBase.java:77)
	at com.intellij.util.indexing.IndexInfrastructureExtensionUpdateComputation.compute(IndexInfrastructureExtensionUpdateComputation.java:27)
	at com.intellij.util.indexing.IndexInfrastructureExtensionUpdateComputation.compute(IndexInfrastructureExtensionUpdateComputation.java:11)
	at com.intellij.openapi.util.Computable.get(Computable.java:16)
	at com.intellij.util.indexing.FileBasedIndexImpl.lambda$runUpdateForPersistentData$24(FileBasedIndexImpl.java:1638)
	at com.intellij.openapi.progress.impl.CoreProgressManager.computeUnderProgress(CoreProgressManager.java:634)
	at com.intellij.openapi.progress.impl.CoreProgressManager.lambda$computeInNonCancelableSection$3(CoreProgressManager.java:236)
	at com.intellij.openapi.progress.Cancellation.computeInNonCancelableSection(Cancellation.java:53)
	at com.intellij.openapi.progress.impl.CoreProgressManager.computeInNonCancelableSection(CoreProgressManager.java:236)
	at com.intellij.util.indexing.FileBasedIndexImpl.lambda$runUpdateForPersistentData$25(FileBasedIndexImpl.java:1638)
	at com.intellij.util.indexing.StorageBufferingHandler.runUpdate(StorageBufferingHandler.java:22)
	at com.intellij.util.indexing.FileBasedIndexImpl.runUpdateForPersistentData(FileBasedIndexImpl.java:1637)
	at com.intellij.util.indexing.SingleIndexValueApplier.doApply(SingleIndexValueApplier.java:62)
	at com.intellij.util.indexing.SingleIndexValueApplier.apply(SingleIndexValueApplier.java:50)
	at com.intellij.util.indexing.FileIndexesValuesApplier.applyModifications(FileIndexesValuesApplier.java:199)
	at com.intellij.util.indexing.FileIndexesValuesApplier.lambda$apply$0(FileIndexesValuesApplier.java:171)
	at com.intellij.openapi.progress.impl.CoreProgressManager.lambda$executeNonCancelableSection$2(CoreProgressManager.java:228)
	at com.intellij.openapi.progress.impl.CoreProgressManager.registerIndicatorAndRun(CoreProgressManager.java:685)
	at com.intellij.openapi.progress.impl.CoreProgressManager.computeUnderProgress(CoreProgressManager.java:641)
	at com.intellij.openapi.progress.impl.CoreProgressManager.lambda$computeInNonCancelableSection$3(CoreProgressManager.java:236)
	at com.intellij.openapi.progress.Cancellation.computeInNonCancelableSection(Cancellation.java:57)
	at com.intellij.openapi.progress.impl.CoreProgressManager.computeInNonCancelableSection(CoreProgressManager.java:236)
	at com.intellij.openapi.progress.impl.CoreProgressManager.executeNonCancelableSection(CoreProgressManager.java:227)
	at com.intellij.util.indexing.contentQueue.IndexUpdateRunner.lambda$scheduleIndexWriting$7(IndexUpdateRunner.java:781)
	at com.intellij.util.concurrency.BoundedTaskExecutor.doRun(BoundedTaskExecutor.java:244)
	at com.intellij.util.concurrency.BoundedTaskExecutor.access$200(BoundedTaskExecutor.java:30)
	at com.intellij.util.concurrency.BoundedTaskExecutor$1.executeFirstTaskAndHelpQueue(BoundedTaskExecutor.java:222)
	at com.intellij.util.ConcurrencyUtil.runUnderThreadName(ConcurrencyUtil.java:218)
	at com.intellij.util.concurrency.BoundedTaskExecutor$1.run(BoundedTaskExecutor.java:210)
	at java.base/java.util.concurrent.ThreadPoolExecutor.runWorker(ThreadPoolExecutor.java:1136)
	at java.base/java.util.concurrent.ThreadPoolExecutor$Worker.run(ThreadPoolExecutor.java:635)
	at java.base/java.util.concurrent.Executors$PrivilegedThreadFactory$1$1.run(Executors.java:702)
	at java.base/java.util.concurrent.Executors$PrivilegedThreadFactory$1$1.run(Executors.java:699)
	at java.base/java.security.AccessController.doPrivileged(AccessController.java:399)
	at java.base/java.util.concurrent.Executors$PrivilegedThreadFactory$1.run(Executors.java:699)
	at java.base/java.lang.Thread.run(Thread.java:840)
2024-08-09 15:51:05,525 [  20345] SEVERE - #c.i.u.c.BoundedTaskExecutor - IntelliJ IDEA 2023.3.1  Build #IC-233.11799.300
2024-08-09 15:51:05,525 [  20345] SEVERE - #c.i.u.c.BoundedTaskExecutor - JDK: 17.0.9; VM: OpenJDK 64-Bit Server VM; Vendor: JetBrains s.r.o.
2024-08-09 15:51:05,525 [  20345] SEVERE - #c.i.u.c.BoundedTaskExecutor - OS: Linux
2024-08-09 15:51:05,650 [  20470] SEVERE - #c.i.u.c.BoundedTaskExecutor - VFS is already closed (disposed)
com.intellij.serviceContainer.AlreadyDisposedException: VFS is already closed (disposed)
	at com.intellij.openapi.vfs.newvfs.persistent.FSRecordsImpl.alreadyClosedException(FSRecordsImpl.java:458)
	at com.intellij.openapi.vfs.newvfs.persistent.FSRecordsImpl.checkNotClosed(FSRecordsImpl.java:453)
	at com.intellij.openapi.vfs.newvfs.persistent.FSRecords.implOrFail(FSRecords.java:131)
	at com.intellij.openapi.vfs.newvfs.persistent.FSRecords.getInstance(FSRecords.java:139)
	at com.intellij.util.indexing.impl.perFileVersion.AutoRefreshingOnVfsCloseRef.invoke(AutoRefreshingOnVfsCloseRef.kt:26)
	at com.intellij.util.indexing.impl.perFileVersion.IntFileAttributeImpl.readInt(IntFileAttribute.kt:65)
	at com.intellij.util.indexing.IndexingFlag.isFileIndexed(IndexingFlag.kt:85)
	at com.intellij.util.indexing.IndexingFlag.setIndexedIfFileWithSameLock(IndexingFlag.kt:103)
	at com.intellij.util.indexing.FileIndexesValuesApplier.applyModifications(FileIndexesValuesApplier.java:219)
	at com.intellij.util.indexing.FileIndexesValuesApplier.lambda$apply$0(FileIndexesValuesApplier.java:171)
	at com.intellij.openapi.progress.impl.CoreProgressManager.lambda$executeNonCancelableSection$2(CoreProgressManager.java:228)
	at com.intellij.openapi.progress.impl.CoreProgressManager.registerIndicatorAndRun(CoreProgressManager.java:685)
	at com.intellij.openapi.progress.impl.CoreProgressManager.computeUnderProgress(CoreProgressManager.java:641)
	at com.intellij.openapi.progress.impl.CoreProgressManager.lambda$computeInNonCancelableSection$3(CoreProgressManager.java:236)
	at com.intellij.openapi.progress.Cancellation.computeInNonCancelableSection(Cancellation.java:57)
	at com.intellij.openapi.progress.impl.CoreProgressManager.computeInNonCancelableSection(CoreProgressManager.java:236)
	at com.intellij.openapi.progress.impl.CoreProgressManager.executeNonCancelableSection(CoreProgressManager.java:227)
	at com.intellij.util.indexing.contentQueue.IndexUpdateRunner.lambda$scheduleIndexWriting$7(IndexUpdateRunner.java:781)
	at com.intellij.util.concurrency.BoundedTaskExecutor.doRun(BoundedTaskExecutor.java:244)
	at com.intellij.util.concurrency.BoundedTaskExecutor.access$200(BoundedTaskExecutor.java:30)
	at com.intellij.util.concurrency.BoundedTaskExecutor$1.executeFirstTaskAndHelpQueue(BoundedTaskExecutor.java:222)
	at com.intellij.util.ConcurrencyUtil.runUnderThreadName(ConcurrencyUtil.java:218)
	at com.intellij.util.concurrency.BoundedTaskExecutor$1.run(BoundedTaskExecutor.java:210)
	at java.base/java.util.concurrent.ThreadPoolExecutor.runWorker(ThreadPoolExecutor.java:1136)
	at java.base/java.util.concurrent.ThreadPoolExecutor$Worker.run(ThreadPoolExecutor.java:635)
	at java.base/java.util.concurrent.Executors$PrivilegedThreadFactory$1$1.run(Executors.java:702)
	at java.base/java.util.concurrent.Executors$PrivilegedThreadFactory$1$1.run(Executors.java:699)
	at java.base/java.security.AccessController.doPrivileged(AccessController.java:399)
	at java.base/java.util.concurrent.Executors$PrivilegedThreadFactory$1.run(Executors.java:699)
	at java.base/java.lang.Thread.run(Thread.java:840)
2024-08-09 15:51:05,650 [  20470] SEVERE - #c.i.u.c.BoundedTaskExecutor - IntelliJ IDEA 2023.3.1  Build #IC-233.11799.300
2024-08-09 15:51:05,650 [  20470] SEVERE - #c.i.u.c.BoundedTaskExecutor - JDK: 17.0.9; VM: OpenJDK 64-Bit Server VM; Vendor: JetBrains s.r.o.
2024-08-09 15:51:05,650 [  20470] SEVERE - #c.i.u.c.BoundedTaskExecutor - OS: Linux
2024-08-09 15:51:05,656 [  20476] SEVERE - #c.i.u.c.BoundedTaskExecutor - Argument for @NotNull parameter 'app' of com/intellij/openapi/vfs/newvfs/impl/VfsData.isIsIndexedFlagDisabled must not be null
java.lang.IllegalArgumentException: Argument for @NotNull parameter 'app' of com/intellij/openapi/vfs/newvfs/impl/VfsData.isIsIndexedFlagDisabled must not be null
	at com.intellij.openapi.vfs.newvfs.impl.VfsData.$$$reportNull$$$0(VfsData.java)
	at com.intellij.openapi.vfs.newvfs.impl.VfsData.isIsIndexedFlagDisabled(VfsData.java)
	at com.intellij.openapi.vfs.newvfs.impl.VfsData.isIsIndexedFlagDisabled(VfsData.java:74)
	at com.intellij.util.indexing.IndexingFlag.asApplicable(IndexingFlag.kt:39)
	at com.intellij.util.indexing.IndexingFlag.setIndexedIfFileWithSameLock(IndexingFlag.kt:101)
	at com.intellij.util.indexing.FileIndexesValuesApplier.applyModifications(FileIndexesValuesApplier.java:219)
	at com.intellij.util.indexing.FileIndexesValuesApplier.lambda$apply$0(FileIndexesValuesApplier.java:171)
	at com.intellij.openapi.progress.impl.CoreProgressManager.lambda$executeNonCancelableSection$2(CoreProgressManager.java:228)
	at com.intellij.openapi.progress.impl.CoreProgressManager.registerIndicatorAndRun(CoreProgressManager.java:685)
	at com.intellij.openapi.progress.impl.CoreProgressManager.computeUnderProgress(CoreProgressManager.java:641)
	at com.intellij.openapi.progress.impl.CoreProgressManager.lambda$computeInNonCancelableSection$3(CoreProgressManager.java:236)
	at com.intellij.openapi.progress.Cancellation.computeInNonCancelableSection(Cancellation.java:57)
	at com.intellij.openapi.progress.impl.CoreProgressManager.computeInNonCancelableSection(CoreProgressManager.java:236)
	at com.intellij.openapi.progress.impl.CoreProgressManager.executeNonCancelableSection(CoreProgressManager.java:227)
	at com.intellij.util.indexing.contentQueue.IndexUpdateRunner.lambda$scheduleIndexWriting$7(IndexUpdateRunner.java:781)
	at com.intellij.util.concurrency.BoundedTaskExecutor.doRun(BoundedTaskExecutor.java:244)
	at com.intellij.util.concurrency.BoundedTaskExecutor.access$200(BoundedTaskExecutor.java:30)
	at com.intellij.util.concurrency.BoundedTaskExecutor$1.executeFirstTaskAndHelpQueue(BoundedTaskExecutor.java:222)
	at com.intellij.util.ConcurrencyUtil.runUnderThreadName(ConcurrencyUtil.java:218)
	at com.intellij.util.concurrency.BoundedTaskExecutor$1.run(BoundedTaskExecutor.java:210)
	at java.base/java.util.concurrent.ThreadPoolExecutor.runWorker(ThreadPoolExecutor.java:1136)
	at java.base/java.util.concurrent.ThreadPoolExecutor$Worker.run(ThreadPoolExecutor.java:635)
	at java.base/java.util.concurrent.Executors$PrivilegedThreadFactory$1$1.run(Executors.java:702)
	at java.base/java.util.concurrent.Executors$PrivilegedThreadFactory$1$1.run(Executors.java:699)
	at java.base/java.security.AccessController.doPrivileged(AccessController.java:399)
	at java.base/java.util.concurrent.Executors$PrivilegedThreadFactory$1.run(Executors.java:699)
	at java.base/java.lang.Thread.run(Thread.java:840)
2024-08-09 15:51:05,656 [  20476] SEVERE - #c.i.u.c.BoundedTaskExecutor - IntelliJ IDEA 2023.3.1  Build #IC-233.11799.300
2024-08-09 15:51:05,656 [  20476] SEVERE - #c.i.u.c.BoundedTaskExecutor - JDK: 17.0.9; VM: OpenJDK 64-Bit Server VM; Vendor: JetBrains s.r.o.
2024-08-09 15:51:05,656 [  20476] SEVERE - #c.i.u.c.BoundedTaskExecutor - OS: Linux
2024-08-09 15:51:05,656 [  20476] SEVERE - #c.i.u.c.BoundedTaskExecutor - Cannot invoke "com.intellij.openapi.application.Application.getService(java.lang.Class)" because the return value of "com.intellij.openapi.application.ApplicationManager.getApplication()" is null
java.lang.NullPointerException: Cannot invoke "com.intellij.openapi.application.Application.getService(java.lang.Class)" because the return value of "com.intellij.openapi.application.ApplicationManager.getApplication()" is null
	at com.intellij.openapi.progress.ProgressManager.getInstance(ProgressManager.java:31)
	at com.intellij.util.indexing.contentQueue.IndexUpdateRunner.lambda$scheduleIndexWriting$7(IndexUpdateRunner.java:781)
	at com.intellij.util.concurrency.BoundedTaskExecutor.doRun(BoundedTaskExecutor.java:244)
	at com.intellij.util.concurrency.BoundedTaskExecutor.access$200(BoundedTaskExecutor.java:30)
	at com.intellij.util.concurrency.BoundedTaskExecutor$1.executeFirstTaskAndHelpQueue(BoundedTaskExecutor.java:222)
	at com.intellij.util.ConcurrencyUtil.runUnderThreadName(ConcurrencyUtil.java:218)
	at com.intellij.util.concurrency.BoundedTaskExecutor$1.run(BoundedTaskExecutor.java:210)
	at java.base/java.util.concurrent.ThreadPoolExecutor.runWorker(ThreadPoolExecutor.java:1136)
	at java.base/java.util.concurrent.ThreadPoolExecutor$Worker.run(ThreadPoolExecutor.java:635)
	at java.base/java.util.concurrent.Executors$PrivilegedThreadFactory$1$1.run(Executors.java:702)
	at java.base/java.util.concurrent.Executors$PrivilegedThreadFactory$1$1.run(Executors.java:699)
	at java.base/java.security.AccessController.doPrivileged(AccessController.java:399)
	at java.base/java.util.concurrent.Executors$PrivilegedThreadFactory$1.run(Executors.java:699)
	at java.base/java.lang.Thread.run(Thread.java:840)
2024-08-09 15:51:05,657 [  20477] SEVERE - #c.i.u.c.BoundedTaskExecutor - IntelliJ IDEA 2023.3.1  Build #IC-233.11799.300
2024-08-09 15:51:05,657 [  20477] SEVERE - #c.i.u.c.BoundedTaskExecutor - JDK: 17.0.9; VM: OpenJDK 64-Bit Server VM; Vendor: JetBrains s.r.o.
2024-08-09 15:51:05,657 [  20477] SEVERE - #c.i.u.c.BoundedTaskExecutor - OS: Linux
